c:\users\leesangyun\source\repos\algorithm\algorithm\debug\vc141.pdb
c:\users\leesangyun\source\repos\algorithm\algorithm\debug\vc141.idb
c:\users\leesangyun\source\repos\algorithm\algorithm\debug\알고리즘잡스 - 1.seat.obj
c:\users\leesangyun\source\repos\algorithm\algorithm\debug\gcdlcm.obj
c:\users\leesangyun\source\repos\algorithm\algorithm\debug\알고리즘잡스 - 1.영팔이(eightnine).obj
c:\users\leesangyun\source\repos\algorithm\algorithm\debug\알고리즘잡스 - 1.offset.obj
c:\users\leesangyun\source\repos\algorithm\algorithm\debug\알고리즘잡스 - 1.gcdlcm.obj
c:\users\leesangyun\source\repos\algorithm\algorithm\debug\알고리즘잡스 - 1.bingo.obj
c:\users\leesangyun\source\repos\algorithm\algorithm\debug\알고리즘잡스 - 1.10부제(car).obj
c:\users\leesangyun\source\repos\algorithm\algorithm\debug\baseball.obj
c:\users\leesangyun\source\repos\algorithm\algorithm\debug\알고리즘잡스 - 1.숫자야구(baseball).obj
c:\users\leesangyun\source\repos\algorithm\algorithm\debug\tetris.obj
c:\users\leesangyun\source\repos\algorithm\algorithm\debug\깊이우선탐색과 너비우선탐색.obj
c:\users\leesangyun\source\repos\algorithm\algorithm\debug\알고리즘잡스 - 6.깊이우선탐색과 너비우선탐색.obj
c:\users\leesangyun\source\repos\algorithm\algorithm\debug\알고리즘잡스 - 6.2색 칠하기.obj
c:\users\leesangyun\source\repos\algorithm\algorithm\debug\test.obj
c:\users\leesangyun\source\repos\algorithm\algorithm\debug\알고리즘잡스 - 6.이분그래프 판별.obj
c:\users\leesangyun\source\repos\algorithm\algorithm\debug\알고리즘잡스 - 6.웜바이러스.obj
c:\users\leesangyun\source\repos\algorithm\algorithm\debug\백준 - 15685.드래곤 커브.obj
c:\users\leesangyun\source\repos\algorithm\algorithm\debug\조합.obj
c:\users\leesangyun\source\repos\algorithm\algorithm\debug\알고리즘잡스 - jj.obj
c:\users\leesangyun\source\repos\algorithm\algorithm\debug\백준 - 15686.치킨 배달.obj
c:\users\leesangyun\source\repos\algorithm\algorithm\debug\연습.obj
c:\users\leesangyun\source\repos\algorithm\algorithm\debug\백준 - 15683.감시.obj
c:\users\leesangyun\source\repos\algorithm\algorithm\debug\test2.obj
c:\users\leesangyun\source\repos\algorithm\algorithm\debug\알고리즘잡스 - 순열 구하기(jj).obj
c:\users\leesangyun\source\repos\algorithm\algorithm\debug\알고리즘잡스 - spiral(ii).obj
c:\users\leesangyun\source\repos\algorithm\algorithm\debug\백준 - 2178.미로 탐색.obj
c:\users\leesangyun\source\repos\algorithm\algorithm\debug\[f]백준 - 15685.드래곤 커브.obj
c:\users\leesangyun\source\repos\algorithm\algorithm\debug\알고리즘잡스 - 6.미로찾기.obj
c:\users\leesangyun\source\repos\algorithm\algorithm\debug\알고리즘잡스 - 6.단지번호붙이기.obj
c:\users\leesangyun\source\repos\algorithm\algorithm\debug\알고리즘잡스 - 6.이상한 계산기.obj
c:\users\leesangyun\source\repos\algorithm\algorithm\debug\알고리즘잡스 - 6.전염병.obj
c:\users\leesangyun\source\repos\algorithm\algorithm\debug\알고리즘잡스 - 4.이진수출력(binary).obj
c:\users\leesangyun\source\repos\algorithm\algorithm\debug\알고리즘잡스 - 4.mountain.obj
c:\users\leesangyun\source\repos\algorithm\algorithm\debug\알고리즘잡스 - 4.tobin.obj
c:\users\leesangyun\source\repos\algorithm\algorithm\debug\알고리즘잡스 - 4.bfsdfs.obj
c:\users\leesangyun\source\repos\algorithm\algorithm\debug\abc.obj
c:\users\leesangyun\source\repos\algorithm\debug\algorithm.exe
c:\users\leesangyun\source\repos\algorithm\debug\algorithm.ilk
c:\users\leesangyun\source\repos\algorithm\debug\algorithm.pdb
c:\users\leesangyun\source\repos\algorithm\algorithm\debug\seat.obj
c:\users\leesangyun\source\repos\algorithm\algorithm\debug\algorithm.tlog\cl.command.1.tlog
c:\users\leesangyun\source\repos\algorithm\algorithm\debug\algorithm.tlog\cl.read.1.tlog
c:\users\leesangyun\source\repos\algorithm\algorithm\debug\algorithm.tlog\cl.write.1.tlog
c:\users\leesangyun\source\repos\algorithm\algorithm\debug\algorithm.tlog\link.command.1.tlog
c:\users\leesangyun\source\repos\algorithm\algorithm\debug\algorithm.tlog\link.read.1.tlog
c:\users\leesangyun\source\repos\algorithm\algorithm\debug\algorithm.tlog\link.write.1.tlog
